NAME                                                   DISPLAY NAME  DEFAULT CHANNEL
abinitio-runtime-operator                                            stable
aci-containers-operator                                              stable
aic-operator                                                         alpha
airlock-microgateway                                                 5.1.0-alpha1
aiu-operator                                                         stable-v2.3
alloydb-omni-operator-certified                                      stable
amd-gpu-operator                                                     alpha
anzo-operator                                                        stable
anzograph-operator                                                   stable
anzounstructured-operator                                            stable
apelocal-csi                                                         stable
app-insights-operator                                                stable
appdynamics-operator                                                 alpha
appian-operator                                                      alpha
aqua-operator-certified                                              2022.4
cass-operator                                                        stable
cfm-operator                                                         stable
cilium-enterprise                                                    1.16
cisco-intersight                                                     stable
clife                                                                1.18
cloud-native-postgresql                                              fast
cloudcasa-operator                                                   stable
cloudera-streams-messaging-kubernetes-operator                       stable
cloudnative-pg                                                       stable-v1
coherence-operator                                                   stable
confluent-for-kubernetes                                             3.3
conjur-follower-operator                                             stable
coroot-operator                                                      stable
couchbase-enterprise-certified                                       stable
cp-fko                                                               stable-v1.14
crunchy-postgres-operator                                            v5
cte-k8s-operator                                                     stable
datadog-operator-certified                                           stable
dell-csm-operator-certified                                          stable
digitalai-deploy-operator                                            stable-v24.3
digitalai-release-operator                                           stable-v24.3
dxoperator                                                           alpha
dxoperator-v2                                                        alpha
dynatrace-operator                                                   alpha
eda-k8s-operator                                                     6.0
edb-hcp-operator                                                     alpha
eginnovations-operator                                               beta
elasticsearch-eck-operator-certified                                 stable
exascaler-csi-driver-operator                                        alpha
f5-ai-security-operator                                              stable
f5-bigip-ctlr-operator                                               stable
falcon-operator                                                      certified-1.0
fujitsu-enterprise-postgres-operator                                 stable
fujitsu-enterprise-postgres-operator-with-cg-module                  stable
function-mesh                                                        alpha
gitlab-operator-kubernetes                                           stable
gitlab-runner-operator                                               stable
google-cloud-cluster-services-for-openshift-telemetry                alpha
gpu-operator-certified                                               v26.3
habana-ai-operator                                                   stable
harness-gitops-operator                                              alpha
hazelcast-platform-operator                                          alpha
hcp-terraform-operator                                               alpha
hibernation-operator                                                 release-0.1
hnas-csi-operator                                                    stable
hpe-csi-operator                                                     stable
hpe-ezmeral-csi-operator                                             stable
hpe-filex-csi-operator                                               stable
hspc-operator                                                        stable
hulft                                                                stable
iax-webhook-router                                                   stable
ibm-application-gateway-operator                                     stable
ibm-block-csi-operator                                               stable
ibm-data-reporter-operator                                           stable
ibm-metrics-operator                                                 stable
ibm-security-verify-access-operator                                  stable
ibm-storage-odf-operator                                             stable-v1.9
infinibox-operator-certified                                         stable
infoscale-dr-manager                                                 fast
infoscale-licensing-operator                                         fast
infoscale-sds-operator                                               fast
instana-agent-operator                                               stable
intel-device-plugins-operator                                        stable
intel-network-operator                                               alpha
intel-tdx-dcap-operator                                              alpha
ipm-controller                                                       stable
jenkins2tekton-operator                                              stable
k10-kasten-operator-rhmp                                             stable
k8s-triliovault                                                      5.3.x
kedify-agent-helm-operator                                           stable
keysight-loadcore-agents                                             alpha
kubearmor-operator-certified                                         stable
kubeblocks                                                           stable
kubecost-operator                                                    stable
kubedb-installer                                                     stable
kubeturbo-certified                                                  stable
kurrentdb-operator                                                   stable-v1
lightbits-operator                                                   alpha
linstor-operator                                                     stable-v2
mariadb-enterprise-operator                                          stable
mediation-openstack-operator                                         stable
minio-directpv                                                       stable
minio-minkms-operator                                                stable
minio-object-store-operator                                          stable
mongodb-atlas-kubernetes                                             stable
mongodb-enterprise                                                   stable
mongodb-kubernetes                                                   stable
mto-dependencies-operator                                            alpha
netai-demo-operator                                                  alpha
netscaler-adm-agent-operator                                         stable
netscaler-operator                                                   stable
neuvector-certified-operator                                         beta
nexus-repository-ha-operator-certified                               stable
nginx-gateway-fabric                                                 stable
nginx-ingress-operator                                               alpha
nim-operator-certified                                               stable
nspc-operator                                                        stable
nutanixcsioperator                                                   stable-3.x
nvidia-maintenance-operator                                          stable
nvidia-network-operator                                              stable
nxiq-operator-certified                                              stable
odigos-operator                                                      alpha
open-liberty-certified                                               v1.6
openshift-fusion-access-operator                                     stable-v1
openshiftartifactoryha-operator                                      alpha
operator-certification-operator                                      alpha
percona-postgresql-operator-certified                                stable
percona-server-mongodb-operator-certified                            stable
percona-server-mysql-operator-certified                              stable
percona-xtradb-cluster-operator-certified                            stable
pg4k-pgd                                                             stable
portworx-certified                                                   stable
prometurbo-certified                                                 stable
pubsubplus-eventbroker-operator                                      stable
raftt-operator                                                       alpha
rbln-npu-operator                                                    stable
redis-enterprise-operator-cert                                       production
runtime-component-operator-certified                                 v1.6
runtime-fabric-operator                                              stable
scaleops-operator                                                    stable-v1.31
scylladb-operator                                                    stable
simplyblock-operator                                                 alpha
sn-operator                                                          alpha
splunk-operator                                                      stable
spyre-operator                                                       stable-v1.3
sriov-fec                                                            stable
stackable-airflow-operator                                           stable
stackable-commons-operator                                           stable
stackable-druid-operator                                             stable
stackable-hbase-operator                                             stable
stackable-hdfs-operator                                              stable
stackable-hive-operator                                              stable
stackable-kafka-operator                                             stable
stackable-listener-operator                                          stable
stackable-nifi-operator                                              stable
stackable-opa-operator                                               stable
stackable-opensearch-operator                                        stable
stackable-secret-operator                                            stable
stackable-spark-operator                                             stable
stackable-superset-operator                                          stable
stackable-trino-operator                                             stable
stackable-zookeeper-operator                                         stable
stackgres-certified                                                  stable
strategy-operator                                                    stable-v1
sumologic-kubernetes-collection-helm-operator                        alpha
synaxg-operator                                                      alpha
t8c-certified                                                        stable
t8c-tsc-client-certified                                             stable
tawon-operator                                                       fast-v3
template-operator                                                    release-0.1
tenant-operator                                                      release-1.8
tigera-operator                                                      release-v1.42
trident-operator                                                     stable
truenas-csi                                                          stable
tvo-operator                                                         6.0.x
uma-admin-operator                                                   stable
uma-operator                                                         stable
uma-team-operator                                                    stable
vast-csi-operator                                                    stable
vault-secrets-operator                                               stable
vcp-operator                                                         stable
vfunction-server-operator                                            stable
victoriametrics-operator                                             beta
visionone-containersecurity                                          stable
webserver-operator                                                   stable
xspc-operator                                                        stable
zabbix-operator-certified                                            lts
VERSIONS
1.3.2
1.4.1
1.5.0
1.1.1
1.2.1
1.3.1
VERSIONS
2.4.0
2.5.1
2.1.0
2.1.1
2.4.1
2.5.0
2.6.0
2.0.0
2.0.1
2.0.2
2.2.0
2.2.1
2.3.0
